<?xml version="1.0" encoding="UTF-8"?>
<!-- Generated by org.testng.reporters.JUnitReportReporter -->
<testsuite hostname="DESKTOP-JVFDB7O" failures="0" tests="1" name="testCases.TC008_Select_India_DropDown" time="3.244" errors="0" timestamp="2025-02-26T17:10:43 IST" skipped="0">
  <testcase classname="testCases.TC008_Select_India_DropDown" name="select_india" time="3.244"/>
  <system-out/>
</testsuite> <!-- testCases.TC008_Select_India_DropDown -->
