<?xml version="1.0" encoding="UTF-8"?>
<!-- Generated by org.testng.reporters.JUnitReportReporter -->
<testsuite hostname="DESKTOP-JVFDB7O" failures="0" tests="1" name="testCases.TC002_LoginTest" time="2.421" errors="0" timestamp="2025-02-13T14:55:21 IST" skipped="0">
  <testcase classname="testCases.TC002_LoginTest" name="verify_Login" time="2.421"/>
  <system-out/>
</testsuite> <!-- testCases.TC002_LoginTest -->
