<?xml version="1.0" encoding="UTF-8"?>
<!-- Generated by org.testng.reporters.JUnitReportReporter -->
<testsuite hostname="DESKTOP-JVFDB7O" failures="0" tests="2" name="testCases.TC010_Dynamic_Button" time="6.543" errors="0" timestamp="2025-03-13T10:03:46 IST" skipped="0">
  <testcase classname="testCases.TC010_Dynamic_Button" name="Verify_Dynamic_StartButton" time="0.231"/>
  <system-out/>
  <testcase classname="testCases.TC010_Dynamic_Button" name="Verify_Dynamic_StopButton" time="6.312"/>
  <system-out/>
</testsuite> <!-- testCases.TC010_Dynamic_Button -->
