<?xml version="1.0" encoding="UTF-8"?>
<!-- Generated by org.testng.reporters.JUnitReportReporter -->
<testsuite hostname="DESKTOP-JVFDB7O" failures="0" tests="1" name="testCases.TC001_RegisterAccount" time="4.702" errors="0" timestamp="2025-02-13T14:55:21 IST" skipped="0">
  <testcase classname="testCases.TC001_RegisterAccount" name="verify_RegisterAccount" time="4.702"/>
  <system-out/>
</testsuite> <!-- testCases.TC001_RegisterAccount -->
