<?xml version="1.0" encoding="UTF-8"?>
<!-- Generated by org.testng.reporters.JUnitReportReporter -->
<testsuite hostname="DESKTOP-JVFDB7O" failures="0" tests="1" name="testCases.TC007_MouseActionOn_Desktop" time="7.932" errors="0" timestamp="2025-02-19T10:54:39 IST" skipped="0">
  <testcase classname="testCases.TC007_MouseActionOn_Desktop" name="mouseactiononDesktop" time="7.932"/>
  <system-out/>
</testsuite> <!-- testCases.TC007_MouseActionOn_Desktop -->
