<?xml version="1.0" encoding="UTF-8"?>
<!-- Generated by org.testng.reporters.JUnitReportReporter -->
<testsuite hostname="DESKTOP-JVFDB7O" failures="0" tests="4" name="testCases.TC003_DDT_using_XL" time="16.655" errors="0" timestamp="2025-02-06T23:01:08 IST" skipped="0">
  <testcase classname="testCases.TC003_DDT_using_XL" name="verify_XL_loginData" time="6.319"/>
  <system-out/>
  <testcase classname="testCases.TC003_DDT_using_XL" name="verify_XL_loginData" time="6.374"/>
  <system-out/>
  <testcase classname="testCases.TC003_DDT_using_XL" name="verify_XL_loginData" time="1.993"/>
  <system-out/>
  <testcase classname="testCases.TC003_DDT_using_XL" name="verify_XL_loginData" time="1.969"/>
  <system-out/>
</testsuite> <!-- testCases.TC003_DDT_using_XL -->
