<?xml version="1.0" encoding="UTF-8"?>
<!-- Generated by org.testng.reporters.JUnitReportReporter -->
<testsuite hostname="DESKTOP-JVFDB7O" failures="0" tests="2" name="testCases.TC009_Simple_alert" time="3.438" errors="0" timestamp="2025-03-11T10:01:03 IST" skipped="0">
  <testcase classname="testCases.TC009_Simple_alert" name="verify_Simple_alert" time="3.236"/>
  <system-out/>
  <testcase classname="testCases.TC009_Simple_alert" name="verify_confirmAlert" time="0.202"/>
  <system-out/>
</testsuite> <!-- testCases.TC009_Simple_alert -->
