<?xml version="1.0" encoding="UTF-8"?>
<!-- Generated by org.testng.reporters.JUnitReportReporter -->
<testsuite hostname="DESKTOP-JVFDB7O" failures="0" tests="3" name="testCases.TC006_Verifying_Search" time="1.827" errors="0" timestamp="2025-02-17T11:02:50 IST" skipped="0">
  <testcase classname="testCases.TC006_Verifying_Search" name="homepage" time="0.471"/>
  <system-out/>
  <testcase classname="testCases.TC006_Verifying_Search" name="loginpage" time="0.791"/>
  <system-out/>
  <testcase classname="testCases.TC006_Verifying_Search" name="verify_searchPage" time="0.565"/>
  <system-out/>
</testsuite> <!-- testCases.TC006_Verifying_Search -->
