<?xml version="1.0" encoding="UTF-8"?>
<!-- Generated by org.testng.reporters.JUnitReportReporter -->
<testsuite hostname="DESKTOP-JVFDB7O" failures="0" tests="1" name="testCases.TC009_Alerts_from_chatgpt" time="2.256" errors="0" timestamp="2025-02-26T20:02:34 IST" skipped="0">
  <testcase classname="testCases.TC009_Alerts_from_chatgpt" name="verifySimpleAlert" time="2.256"/>
  <system-out/>
</testsuite> <!-- testCases.TC009_Alerts_from_chatgpt -->
