<?xml version="1.0" encoding="UTF-8"?>
<!-- Generated by org.testng.reporters.JUnitReportReporter -->
<testsuite hostname="DESKTOP-JVFDB7O" failures="0" tests="1" name="testCases.TC011_DateTable" time="2.854" errors="0" timestamp="2025-03-13T16:11:40 IST" skipped="0">
  <testcase classname="testCases.TC011_DateTable" name="Select_Date" time="2.854"/>
  <system-out/>
</testsuite> <!-- testCases.TC011_DateTable -->
