<?xml version="1.0" encoding="UTF-8"?>
<!-- Generated by org.testng.reporters.JUnitReportReporter -->
<testsuite hostname="DESKTOP-JVFDB7O" failures="0" tests="1" name="testCases.TC005_Adding_Cart" time="2.794" errors="0" timestamp="2025-02-15T17:11:28 IST" skipped="0">
  <testcase classname="testCases.TC005_Adding_Cart" name="adding_item_to_cart" time="2.794"/>
  <system-out/>
</testsuite> <!-- testCases.TC005_Adding_Cart -->
