<?xml version="1.0" encoding="UTF-8"?>
<!-- Generated by org.testng.reporters.JUnitReportReporter -->
<testsuite hostname="DESKTOP-JVFDB7O" failures="0" tests="1" name="testCases.TC004_selecting_item_in_desktop" time="2.448" errors="0" timestamp="2025-02-15T13:27:37 IST" skipped="0">
  <testcase classname="testCases.TC004_selecting_item_in_desktop" name="selecting_item_inMac" time="2.448"/>
</testsuite> <!-- testCases.TC004_selecting_item_in_desktop -->
